<?xml version="1.0" encoding="UTF-8"?>
<!-- Generated by org.testng.reporters.JUnitReportReporter -->
<testsuite hostname="DESKTOP-TJGE200" failures="0" tests="1" name="org.wipro.automation.uo.testcases.SignUpScenario" time="3.504" errors="0" timestamp="2024-03-22T16:34:20 CDT" skipped="0">
  <testcase classname="org.wipro.automation.uo.testcases.SignUpScenario" name="validate_SignUpfunction" time="3.504"/>
</testsuite> <!-- org.wipro.automation.uo.testcases.SignUpScenario -->
