<?xml version="1.0" encoding="UTF-8"?>
<!-- Generated by org.testng.reporters.JUnitReportReporter -->
<testsuite hostname="DESKTOP-TJGE200" failures="0" tests="1" name="org.wipro.automation.uo.testcases.SignUpScenario" time="2.811" errors="0" timestamp="2024-03-21T14:12:54 CDT" skipped="0">
  <testcase classname="org.wipro.automation.uo.testcases.SignUpScenario" name="validate_SignUpfunction" time="2.811"/>
</testsuite> <!-- org.wipro.automation.uo.testcases.SignUpScenario -->
