<?xml version="1.0" encoding="UTF-8"?>
<!-- Generated by org.testng.reporters.JUnitReportReporter -->
<testsuite hostname="DESKTOP-TJGE200" failures="0" tests="1" name="org.wipro.automation.uo.testcases.LoginScenario" time="2.478" errors="0" timestamp="2024-03-21T14:04:26 CDT" skipped="0">
  <testcase classname="org.wipro.automation.uo.testcases.LoginScenario" name="validate_loginfunction" time="2.478"/>
</testsuite> <!-- org.wipro.automation.uo.testcases.LoginScenario -->
