<?xml version="1.0" encoding="UTF-8"?>
<!-- Generated by org.testng.reporters.JUnitReportReporter -->
<testsuite hostname="DESKTOP-TJGE200" failures="0" tests="3" name="org.wipro.automation.uo.testcases.LoginScenario_DDF" time="7.665" errors="0" timestamp="2024-03-20T16:19:48 CDT" skipped="0">
  <testcase classname="org.wipro.automation.uo.testcases.LoginScenario_DDF" name="validate_loginfunction" time="3.048"/>
  <testcase classname="org.wipro.automation.uo.testcases.LoginScenario_DDF" name="validate_loginfunction" time="2.579"/>
  <testcase classname="org.wipro.automation.uo.testcases.LoginScenario_DDF" name="validate_loginfunction" time="2.038"/>
</testsuite> <!-- org.wipro.automation.uo.testcases.LoginScenario_DDF -->
